<?xml version="1.0" encoding="UTF-8"?>
<!-- Generated by org.testng.reporters.JUnitReportReporter -->
<testsuite skipped="1" hostname="sai-PC" name="com.wiziq.testcases.courses_selfpaced" tests="1" failures="0" timestamp="2021-06-01T12:34:22 IST" time="0.000" errors="0">
  <testcase name="selfpaced" time="0.000" classname="com.wiziq.testcases.courses_selfpaced">
    <skipped/>
  </testcase> <!-- selfpaced -->
</testsuite> <!-- com.wiziq.testcases.courses_selfpaced -->
