<?xml version="1.0" encoding="UTF-8"?>
<!-- Generated by org.testng.reporters.JUnitReportReporter -->
<testsuite hostname="DESKTOP-BE091M6" failures="0" tests="1" name="com.wiziq.testcases.Clone_test" time="101.801" errors="0" timestamp="2021-12-03T11:26:51 IST" skipped="0">
  <testcase classname="com.wiziq.testcases.Clone_test" name="test" time="101.801"/>
</testsuite> <!-- com.wiziq.testcases.Clone_test -->
