<?xml version="1.0" encoding="UTF-8"?>
<!-- Generated by org.testng.reporters.JUnitReportReporter -->
<testsuite hostname="DESKTOP-BE091M6" failures="0" tests="1" name="com.wiziq.testcases.Reports" time="230.839" errors="0" timestamp="2021-11-22T11:10:10 IST" skipped="0">
  <testcase classname="com.wiziq.testcases.Reports" name="all" time="230.839"/>
</testsuite> <!-- com.wiziq.testcases.Reports -->
