<?xml version="1.0" encoding="UTF-8"?>
<!-- Generated by org.testng.reporters.JUnitReportReporter -->
<testsuite hostname="DESKTOP-BE091M6" failures="0" tests="1" name="com.wiziq.testcases.Course_scheduled_free" time="353.474" errors="0" timestamp="2021-10-04T15:53:17 IST" skipped="0">
  <testcase classname="com.wiziq.testcases.Course_scheduled_free" name="schedule_free" time="353.474"/>
</testsuite> <!-- com.wiziq.testcases.Course_scheduled_free -->
