<?xml version="1.0" encoding="UTF-8"?>
<!-- Generated by org.testng.reporters.JUnitReportReporter -->
<testsuite hostname="DESKTOP-BE091M6" failures="0" tests="1" name="com.wiziq.testcases.Draft_course" time="104.885" errors="0" timestamp="2021-12-23T10:58:23 IST" skipped="0">
  <testcase classname="com.wiziq.testcases.Draft_course" name="Draft_Course" time="104.885"/>
</testsuite> <!-- com.wiziq.testcases.Draft_course -->
