<?xml version="1.0" encoding="UTF-8"?>
<!-- Generated by org.testng.reporters.JUnitReportReporter -->
<testsuite hostname="DESKTOP-BE091M6" failures="0" tests="1" name="com.wiziq.testcases.Instructor_Privacy_policy_module" time="30.627" errors="0" timestamp="2021-10-07T15:42:39 IST" skipped="0">
  <testcase classname="com.wiziq.testcases.Instructor_Privacy_policy_module" name="instructor_privacy" time="30.627"/>
</testsuite> <!-- com.wiziq.testcases.Instructor_Privacy_policy_module -->
