<?xml version="1.0" encoding="UTF-8"?>
<!-- Generated by org.testng.reporters.JUnitReportReporter -->
<testsuite skipped="1" hostname="sai-PC" name="com.wiziq.testcases.Paid_class" tests="1" failures="0" timestamp="2021-07-05T09:40:17 IST" time="0.000" errors="0">
  <testcase name="class2" time="0.000" classname="com.wiziq.testcases.Paid_class">
    <skipped/>
  </testcase> <!-- class2 -->
</testsuite> <!-- com.wiziq.testcases.Paid_class -->
