<?xml version="1.0" encoding="UTF-8"?>
<!-- Generated by org.testng.reporters.JUnitReportReporter -->
<testsuite skipped="0" hostname="sai-PC" name="com.wiziq.testcases.course_selfpaced_paid" tests="1" failures="0" timestamp="2021-07-13T15:38:58 IST" time="193.357" errors="0">
  <testcase name="selfpaced_paid" time="193.357" classname="com.wiziq.testcases.course_selfpaced_paid"/>
</testsuite> <!-- com.wiziq.testcases.course_selfpaced_paid -->
