<?xml version="1.0" encoding="UTF-8"?>
<!-- Generated by org.testng.reporters.JUnitReportReporter -->
<testsuite hostname="DESKTOP-BE091M6" failures="0" tests="1" name="com.wiziq.testcases.General_settings" time="66.261" errors="0" timestamp="2021-11-16T11:04:59 IST" skipped="0">
  <testcase classname="com.wiziq.testcases.General_settings" name="general" time="66.261"/>
</testsuite> <!-- com.wiziq.testcases.General_settings -->
