<?xml version="1.0" encoding="UTF-8"?>
<!-- Generated by org.testng.reporters.JUnitReportReporter -->
<testsuite hostname="DESKTOP-BE091M6" failures="0" tests="1" name="com.wiziq.testcases.Account_settings" time="41.111" errors="0" timestamp="2021-11-12T19:20:38 IST" skipped="0">
  <testcase classname="com.wiziq.testcases.Account_settings" name="account" time="41.111"/>
</testsuite> <!-- com.wiziq.testcases.Account_settings -->
