<?xml version="1.0" encoding="UTF-8"?>
<!-- Generated by org.testng.reporters.JUnitReportReporter -->
<testsuite hostname="DESKTOP-BE091M6" failures="0" tests="1" name="com.wiziq.testcases.Instructor_clone_test" time="137.048" errors="0" timestamp="2021-11-18T14:44:04 IST" skipped="0">
  <testcase classname="com.wiziq.testcases.Instructor_clone_test" name="instructor" time="137.048"/>
</testsuite> <!-- com.wiziq.testcases.Instructor_clone_test -->
