<?xml version="1.0" encoding="UTF-8"?>
<!-- Generated by org.testng.reporters.JUnitReportReporter -->
<testsuite hostname="DESKTOP-BE091M6" failures="0" tests="1" name="com.wiziq.testcases.Recurring_Classes" time="87.736" errors="0" timestamp="2021-12-29T15:38:11 IST" skipped="0">
  <testcase classname="com.wiziq.testcases.Recurring_Classes" name="recurring" time="87.736"/>
</testsuite> <!-- com.wiziq.testcases.Recurring_Classes -->
