<?xml version="1.0" encoding="UTF-8"?>
<!-- Generated by org.testng.reporters.JUnitReportReporter -->
<testsuite hostname="DESKTOP-BE091M6" failures="0" tests="1" name="com.wiziq.testcases.Login" time="5.298" errors="0" timestamp="2022-02-11T20:19:04 IST" skipped="0">
  <testcase classname="com.wiziq.testcases.Login" name="LoginToApplication" time="5.298"/>
</testsuite> <!-- com.wiziq.testcases.Login -->
