<?xml version="1.0" encoding="UTF-8"?>
<!-- Generated by org.testng.reporters.JUnitReportReporter -->
<testsuite hostname="DESKTOP-BE091M6" failures="0" tests="1" name="com.wiziq.testcases.Instructor_RecurringClass" time="104.798" errors="0" timestamp="2021-11-18T14:04:27 IST" skipped="0">
  <testcase classname="com.wiziq.testcases.Instructor_RecurringClass" name="instructor_rec" time="104.798"/>
</testsuite> <!-- com.wiziq.testcases.Instructor_RecurringClass -->
