<?xml version="1.0" encoding="UTF-8"?>
<!-- Generated by org.testng.reporters.JUnitReportReporter -->
<testsuite hostname="DESKTOP-BE091M6" failures="0" tests="1" name="com.wiziq.testcases.Library1" time="411.432" errors="0" timestamp="2021-12-30T18:11:34 IST" skipped="0">
  <testcase classname="com.wiziq.testcases.Library1" name="library" time="411.432"/>
</testsuite> <!-- com.wiziq.testcases.Library1 -->
