<?xml version="1.0" encoding="UTF-8"?>
<!-- Generated by org.testng.reporters.JUnitReportReporter -->
<testsuite skipped="0" hostname="sai-PC" name="com.wiziq.testcases.Course_scheduled_paid" tests="1" failures="0" timestamp="2021-07-13T14:57:13 IST" time="266.903" errors="0">
  <testcase name="schedule_paid" time="266.903" classname="com.wiziq.testcases.Course_scheduled_paid"/>
</testsuite> <!-- com.wiziq.testcases.Course_scheduled_paid -->
