<?xml version="1.0" encoding="UTF-8"?>
<!-- Generated by org.testng.reporters.JUnitReportReporter -->
<testsuite hostname="DESKTOP-BE091M6" failures="0" tests="1" name="com.wiziq.testcases.Instructor_draft_test" time="105.476" errors="0" timestamp="2021-10-06T11:23:44 IST" skipped="0">
  <testcase classname="com.wiziq.testcases.Instructor_draft_test" name="instructor" time="105.476"/>
</testsuite> <!-- com.wiziq.testcases.Instructor_draft_test -->
