<?xml version="1.0" encoding="UTF-8"?>
<!-- Generated by org.testng.reporters.JUnitReportReporter -->
<testsuite hostname="DESKTOP-BE091M6" failures="0" tests="1" name="com.wiziq.testcases.Instructor_library" time="424.128" errors="0" timestamp="2021-11-18T13:19:39 IST" skipped="0">
  <testcase classname="com.wiziq.testcases.Instructor_library" name="instructor" time="424.128"/>
</testsuite> <!-- com.wiziq.testcases.Instructor_library -->
