<?xml version="1.0" encoding="UTF-8"?>
<!-- Generated by org.testng.reporters.JUnitReportReporter -->
<testsuite hostname="DESKTOP-BE091M6" failures="0" tests="1" name="com.wiziq.testcases.Test_module" time="308.852" errors="0" timestamp="2022-01-03T14:52:04 IST" skipped="0">
  <testcase classname="com.wiziq.testcases.Test_module" name="test" time="308.852"/>
</testsuite> <!-- com.wiziq.testcases.Test_module -->
