<?xml version="1.0" encoding="UTF-8"?>
<!-- Generated by org.testng.reporters.JUnitReportReporter -->
<testsuite hostname="DESKTOP-BE091M6" failures="0" tests="1" name="com.wiziq.testcases.User_management" time="123.347" errors="0" timestamp="2021-11-22T11:19:30 IST" skipped="0">
  <testcase classname="com.wiziq.testcases.User_management" name="userManagement" time="123.347"/>
</testsuite> <!-- com.wiziq.testcases.User_management -->
