<?xml version="1.0" encoding="UTF-8"?>
<!-- Generated by org.testng.reporters.JUnitReportReporter -->
<testsuite hostname="DESKTOP-BE091M6" failures="0" tests="1" name="com.wiziq.testcases.Privacy_Policy_Module" time="18.389" errors="0" timestamp="2021-12-27T11:20:19 IST" skipped="0">
  <testcase classname="com.wiziq.testcases.Privacy_Policy_Module" name="privacy_policy" time="18.389"/>
</testsuite> <!-- com.wiziq.testcases.Privacy_Policy_Module -->
