<?xml version="1.0" encoding="UTF-8"?>
<!-- Generated by org.testng.reporters.JUnitReportReporter -->
<testsuite hostname="DESKTOP-BE091M6" failures="0" tests="1" name="com.wiziq.testcases.LiveClasses" time="229.507" errors="0" timestamp="2021-12-29T10:11:45 IST" skipped="0">
  <testcase classname="com.wiziq.testcases.LiveClasses" name="liveclass" time="229.507"/>
</testsuite> <!-- com.wiziq.testcases.LiveClasses -->
