<?xml version="1.0" encoding="UTF-8"?>
<!-- Generated by org.testng.reporters.JUnitReportReporter -->
<testsuite hostname="DESKTOP-BE091M6" failures="0" tests="1" name="com.wiziq.testcases.Instructor_LiveClass" time="266.570" errors="0" timestamp="2021-11-18T13:55:46 IST" skipped="0">
  <testcase classname="com.wiziq.testcases.Instructor_LiveClass" name="instructor" time="266.570"/>
</testsuite> <!-- com.wiziq.testcases.Instructor_LiveClass -->
