<?xml version="1.0" encoding="UTF-8"?>
<!-- Generated by org.testng.reporters.JUnitReportReporter -->
<testsuite hostname="DESKTOP-BE091M6" failures="0" tests="1" name="com.wiziq.testcases.Instructor_Draft_Course" time="126.495" errors="0" timestamp="2021-11-18T15:42:38 IST" skipped="0">
  <testcase classname="com.wiziq.testcases.Instructor_Draft_Course" name="instructor_Draft_Course" time="126.495"/>
</testsuite> <!-- com.wiziq.testcases.Instructor_Draft_Course -->
