<?xml version="1.0" encoding="UTF-8"?>
<!-- Generated by org.testng.reporters.JUnitReportReporter -->
<testsuite hostname="DESKTOP-BE091M6" failures="0" tests="1" name="com.wiziq.testcases.Roles" time="42.072" errors="0" timestamp="2021-11-16T11:08:46 IST" skipped="0">
  <testcase classname="com.wiziq.testcases.Roles" name="Role_transaction_sub_module" time="42.072"/>
</testsuite> <!-- com.wiziq.testcases.Roles -->
