<?xml version="1.0" encoding="UTF-8"?>
<!-- Generated by org.testng.reporters.JUnitReportReporter -->
<testsuite skipped="1" hostname="sai-PC" name="com.wiziq.testcases.Course_scheduled_free" tests="1" failures="0" timestamp="2021-05-31T19:53:21 IST" time="0.000" errors="0">
  <testcase name="schedule_free" time="0.000" classname="com.wiziq.testcases.Course_scheduled_free">
    <skipped/>
  </testcase> <!-- schedule_free -->
</testsuite> <!-- com.wiziq.testcases.Course_scheduled_free -->
