<?xml version="1.0" encoding="UTF-8"?>
<!-- Generated by org.testng.reporters.JUnitReportReporter -->
<testsuite hostname="DESKTOP-HP56QPD" failures="0" tests="1" name="com.wiziq.testcases.Login" time="18.675" errors="0" timestamp="2021-06-02T12:57:08 IST" skipped="0">
  <testcase classname="com.wiziq.testcases.Login" name="LoginToApplication" time="18.675"/>
</testsuite> <!-- com.wiziq.testcases.Login -->
