<?xml version="1.0" encoding="UTF-8"?>
<!-- Generated by org.testng.reporters.JUnitReportReporter -->
<testsuite skipped="0" hostname="sai-PC" name="com.wiziq.testcases.course_selfpaced_paid" tests="1" failures="0" timestamp="2021-05-26T17:39:39 IST" time="249.785" errors="0">
  <testcase name="selfpaced_paid" time="249.785" classname="com.wiziq.testcases.course_selfpaced_paid"/>
</testsuite> <!-- com.wiziq.testcases.course_selfpaced_paid -->
