<?xml version="1.0" encoding="UTF-8"?>
<!-- Generated by org.testng.reporters.JUnitReportReporter -->
<testsuite skipped="0" hostname="sai-PC" name="com.wiziq.testcases.course" tests="1" failures="0" timestamp="2021-05-24T12:02:47 IST" time="89.332" errors="0">
  <testcase name="selfpaced" time="89.332" classname="com.wiziq.testcases.course"/>
</testsuite> <!-- com.wiziq.testcases.course -->
